\BOOKMARK [1][-]{section.1}{\376\377\000I\000n\000t\000r\000o\000d\000u\000\347\000\343\000o}{}% 1
\BOOKMARK [1][-]{section.2}{\376\377\000I\000n\000t\000r\000o\000d\000u\000\347\000\343\000o\000\040\000T\000e\000\363\000r\000i\000c\000a}{}% 2
\BOOKMARK [2][-]{subsection.2.1}{\376\377\000P\000o\000r\000t\000o}{section.2}% 3
\BOOKMARK [2][-]{subsection.2.2}{\376\377\000U\000D\000P\000\040\000F\000l\000o\000o\000d}{section.2}% 4
\BOOKMARK [2][-]{subsection.2.3}{\376\377\000S\000Y\000N\000\040\000F\000l\000o\000o\000d}{section.2}% 5
\BOOKMARK [2][-]{subsection.2.4}{\376\377\000L\000o\000g\000g\000i\000n\000g}{section.2}% 6
\BOOKMARK [2][-]{subsection.2.5}{\376\377\000P\000o\000r\000t\000\040\000K\000n\000o\000c\000k\000i\000n\000g}{section.2}% 7
\BOOKMARK [2][-]{subsection.2.6}{\376\377\000P\000a\000s\000s\000w\000o\000r\000d}{section.2}% 8
\BOOKMARK [2][-]{subsection.2.7}{\376\377\0002\000F\000A}{section.2}% 9
\BOOKMARK [1][-]{section.3}{\376\377\000C\000o\000n\000f\000i\000g\000u\000r\000a\000\347\000\343\000o\000\040\000d\000o\000\040\000S\000e\000r\000v\000i\000d\000o\000r}{}% 10
\BOOKMARK [1][-]{section.4}{\376\377\000D\000e\000s\000e\000n\000v\000o\000l\000v\000i\000m\000e\000n\000t\000o\000\040\000d\000o\000s\000\040\000S\000c\000r\000i\000p\000t\000s}{}% 11
\BOOKMARK [2][-]{subsection.4.1}{\376\377\000M\000e\000n\000u}{section.4}% 12
\BOOKMARK [2][-]{subsection.4.2}{\376\377\000P\000o\000r\000t\000\040\000S\000c\000a\000n\000n\000e\000r}{section.4}% 13
\BOOKMARK [2][-]{subsection.4.3}{\376\377\000U\000D\000P\000\040\000F\000l\000o\000o\000d\000e\000r}{section.4}% 14
\BOOKMARK [2][-]{subsection.4.4}{\376\377\000S\000Y\000N\000\040\000F\000l\000o\000o\000d\000e\000r}{section.4}% 15
\BOOKMARK [2][-]{subsection.4.5}{\376\377\000L\000o\000g\000g\000e\000r}{section.4}% 16
\BOOKMARK [2][-]{subsection.4.6}{\376\377\000M\000e\000s\000s\000e\000n\000g\000e\000r}{section.4}% 17
\BOOKMARK [2][-]{subsection.4.7}{\376\377\000P\000o\000r\000t\000\040\000K\000n\000o\000c\000k\000e\000r}{section.4}% 18
\BOOKMARK [2][-]{subsection.4.8}{\376\377\000P\000a\000s\000s\000w\000o\000r\000d\000\040\000M\000a\000n\000a\000g\000e\000r}{section.4}% 19
\BOOKMARK [1][-]{section.5}{\376\377\000C\000o\000n\000c\000l\000u\000s\000\343\000o}{}% 20
\BOOKMARK [1][-]{section.5}{\376\377\000B\000i\000b\000l\000i\000o\000g\000r\000a\000f\000i\000a}{}% 21
